<?xml version="1.0" encoding="UTF-8"?>
<coverage generated="1551469699173" clover="3.2.0">
  <project timestamp="1551469699174" name="All files">
    <metrics statements="83" coveredstatements="83" conditionals="6" coveredconditionals="6" methods="48" coveredmethods="48" elements="137" coveredelements="137" complexity="0" loc="83" ncloc="83" packages="1" files="8" classes="8"/>
    <file name="Blog.ts" path="/home/antony/Progetti/Synesthesia/DDD-BDD/ddd-bdd/src/blog/Blog.ts">
      <metrics statements="18" coveredstatements="18" conditionals="0" coveredconditionals="0" methods="10" coveredmethods="10"/>
      <line num="1" count="1" type="stmt"/>
      <line num="3" count="1" type="stmt"/>
      <line num="5" count="1" type="stmt"/>
      <line num="8" count="1" type="stmt"/>
      <line num="9" count="11" type="stmt"/>
      <line num="10" count="11" type="stmt"/>
      <line num="11" count="11" type="stmt"/>
      <line num="14" count="11" type="stmt"/>
      <line num="18" count="17" type="stmt"/>
      <line num="22" count="2" type="stmt"/>
      <line num="26" count="5" type="stmt"/>
      <line num="30" count="1" type="stmt"/>
      <line num="34" count="2" type="stmt"/>
      <line num="38" count="5" type="stmt"/>
      <line num="39" count="5" type="stmt"/>
      <line num="43" count="2" type="stmt"/>
      <line num="47" count="5" type="stmt"/>
      <line num="51" count="1" type="stmt"/>
    </file>
    <file name="FeaturedPostsPage.ts" path="/home/antony/Progetti/Synesthesia/DDD-BDD/ddd-bdd/src/blog/FeaturedPostsPage.ts">
      <metrics statements="15" coveredstatements="15" conditionals="2" coveredconditionals="2" methods="8" coveredmethods="8"/>
      <line num="1" count="1" type="stmt"/>
      <line num="5" count="1" type="stmt"/>
      <line num="7" count="1" type="stmt"/>
      <line num="9" count="11" type="stmt"/>
      <line num="10" count="11" type="stmt"/>
      <line num="13" count="11" type="stmt"/>
      <line num="17" count="4" type="stmt"/>
      <line num="21" count="3" type="stmt"/>
      <line num="25" count="3" type="stmt"/>
      <line num="37" count="3" type="stmt"/>
      <line num="38" count="3" type="stmt"/>
      <line num="45" count="5" type="stmt"/>
      <line num="49" count="5" type="stmt"/>
      <line num="53" count="1" type="stmt"/>
      <line num="54" count="1" type="stmt"/>
    </file>
    <file name="Pages.ts" path="/home/antony/Progetti/Synesthesia/DDD-BDD/ddd-bdd/src/blog/Pages.ts">
      <metrics statements="9" coveredstatements="9" conditionals="0" coveredconditionals="0" methods="6" coveredmethods="6"/>
      <line num="2" count="1" type="stmt"/>
      <line num="5" count="1" type="stmt"/>
      <line num="6" count="11" type="stmt"/>
      <line num="9" count="11" type="stmt"/>
      <line num="13" count="1" type="stmt"/>
      <line num="17" count="10" type="stmt"/>
      <line num="21" count="2" type="stmt"/>
      <line num="22" count="2" type="stmt"/>
      <line num="26" count="13" type="stmt"/>
    </file>
    <file name="Post.ts" path="/home/antony/Progetti/Synesthesia/DDD-BDD/ddd-bdd/src/blog/Post.ts">
      <metrics statements="13" coveredstatements="13" conditionals="0" coveredconditionals="0" methods="7" coveredmethods="7"/>
      <line num="3" count="1" type="stmt"/>
      <line num="5" count="1" type="stmt"/>
      <line num="9" count="5" type="stmt"/>
      <line num="10" count="5" type="stmt"/>
      <line num="11" count="5" type="stmt"/>
      <line num="12" count="5" type="stmt"/>
      <line num="14" count="5" type="stmt"/>
      <line num="18" count="3" type="stmt"/>
      <line num="22" count="3" type="stmt"/>
      <line num="26" count="1" type="stmt"/>
      <line num="30" count="5" type="stmt"/>
      <line num="34" count="3" type="stmt"/>
      <line num="38" count="1" type="stmt"/>
    </file>
    <file name="Posts.ts" path="/home/antony/Progetti/Synesthesia/DDD-BDD/ddd-bdd/src/blog/Posts.ts">
      <metrics statements="8" coveredstatements="8" conditionals="2" coveredconditionals="2" methods="6" coveredmethods="6"/>
      <line num="1" count="1" type="stmt"/>
      <line num="4" count="1" type="stmt"/>
      <line num="5" count="11" type="stmt"/>
      <line num="8" count="5" type="stmt"/>
      <line num="9" count="2" type="cond" truecount="2" falsecount="0"/>
      <line num="14" count="1" type="stmt"/>
      <line num="18" count="5" type="stmt"/>
      <line num="19" count="5" type="stmt"/>
    </file>
    <file name="StaticPage.ts" path="/home/antony/Progetti/Synesthesia/DDD-BDD/ddd-bdd/src/blog/StaticPage.ts">
      <metrics statements="8" coveredstatements="8" conditionals="0" coveredconditionals="0" methods="5" coveredmethods="5"/>
      <line num="3" count="1" type="stmt"/>
      <line num="5" count="1" type="stmt"/>
      <line num="8" count="13" type="stmt"/>
      <line num="9" count="13" type="stmt"/>
      <line num="13" count="6" type="stmt"/>
      <line num="17" count="2" type="stmt"/>
      <line num="21" count="2" type="stmt"/>
      <line num="25" count="2" type="stmt"/>
    </file>
    <file name="Users.ts" path="/home/antony/Progetti/Synesthesia/DDD-BDD/ddd-bdd/src/blog/Users.ts">
      <metrics statements="9" coveredstatements="9" conditionals="2" coveredconditionals="2" methods="5" coveredmethods="5"/>
      <line num="1" count="1" type="stmt"/>
      <line num="3" count="1" type="stmt"/>
      <line num="4" count="11" type="stmt"/>
      <line num="7" count="17" type="cond" truecount="2" falsecount="0"/>
      <line num="8" count="17" type="stmt"/>
      <line num="9" count="17" type="stmt"/>
      <line num="10" count="17" type="stmt"/>
      <line num="14" count="2" type="stmt"/>
      <line num="18" count="11" type="stmt"/>
    </file>
    <file name="utils.ts" path="/home/antony/Progetti/Synesthesia/DDD-BDD/ddd-bdd/src/blog/utils.ts">
      <metrics statements="3" coveredstatements="3" conditionals="0" coveredconditionals="0" methods="1" coveredmethods="1"/>
      <line num="1" count="1" type="stmt"/>
      <line num="3" count="1" type="stmt"/>
      <line num="6" count="29" type="stmt"/>
    </file>
  </project>
</coverage>
