{"/home/antony/Progetti/Synesthesia/DDD-BDD/ddd-bdd/src/blog/Blog.ts": {"path":"/home/antony/Progetti/Synesthesia/DDD-BDD/ddd-bdd/src/blog/Blog.ts","statementMap":{"0":{"start":{"line":1,"column":0},"end":{"line":1,"column":29}},"1":{"start":{"line":3,"column":0},"end":{"line":3,"column":41}},"2":{"start":{"line":4,"column":0},"end":{"line":4,"column":37}},"3":{"start":{"line":9,"column":12},"end":{"line":9,"column":28}},"4":{"start":{"line":10,"column":12},"end":{"line":10,"column":28}},"5":{"start":{"line":11,"column":12},"end":{"line":11,"column":33}},"6":{"start":{"line":13,"column":4},"end":{"line":13,"column":null}},"7":{"start":{"line":14,"column":4},"end":{"line":14,"column":null}},"8":{"start":{"line":18,"column":15},"end":{"line":18,"column":75}},"9":{"start":{"line":19,"column":17},"end":{"line":19,"column":42}},"10":{"start":{"line":20,"column":4},"end":{"line":20,"column":null}},"11":{"start":{"line":21,"column":4},"end":{"line":21,"column":null}},"12":{"start":{"line":25,"column":4},"end":{"line":25,"column":null}},"13":{"start":{"line":29,"column":4},"end":{"line":29,"column":null}},"14":{"start":{"line":29,"column":35},"end":{"line":29,"column":66}},"15":{"start":{"line":33,"column":4},"end":{"line":33,"column":null}},"16":{"start":{"line":37,"column":4},"end":{"line":37,"column":null}},"17":{"start":{"line":41,"column":23},"end":{"line":41,"column":50}},"18":{"start":{"line":42,"column":4},"end":{"line":42,"column":null}},"19":{"start":{"line":46,"column":17},"end":{"line":46,"column":61}},"20":{"start":{"line":46,"column":41},"end":{"line":46,"column":60}},"21":{"start":{"line":47,"column":4},"end":{"line":47,"column":null}},"22":{"start":{"line":51,"column":4},"end":{"line":51,"column":null}},"23":{"start":{"line":55,"column":4},"end":{"line":55,"column":null}},"24":{"start":{"line":7,"column":0},"end":{"line":7,"column":13}}},"fnMap":{"0":{"name":"(anonymous_0)","decl":{"start":{"line":8,"column":2},"end":{"line":8,"column":null}},"loc":{"start":{"line":11,"column":47},"end":{"line":15,"column":3}}},"1":{"name":"(anonymous_1)","decl":{"start":{"line":17,"column":2},"end":{"line":17,"column":9}},"loc":{"start":{"line":17,"column":41},"end":{"line":22,"column":3}}},"2":{"name":"(anonymous_2)","decl":{"start":{"line":24,"column":2},"end":{"line":24,"column":10}},"loc":{"start":{"line":24,"column":10},"end":{"line":26,"column":3}}},"3":{"name":"(anonymous_3)","decl":{"start":{"line":28,"column":2},"end":{"line":28,"column":9}},"loc":{"start":{"line":28,"column":18},"end":{"line":30,"column":3}}},"4":{"name":"(anonymous_4)","decl":{"start":{"line":29,"column":27},"end":{"line":29,"column":31}},"loc":{"start":{"line":29,"column":35},"end":{"line":29,"column":66}}},"5":{"name":"(anonymous_5)","decl":{"start":{"line":32,"column":2},"end":{"line":32,"column":10}},"loc":{"start":{"line":32,"column":10},"end":{"line":34,"column":3}}},"6":{"name":"(anonymous_6)","decl":{"start":{"line":36,"column":2},"end":{"line":36,"column":10}},"loc":{"start":{"line":36,"column":22},"end":{"line":38,"column":3}}},"7":{"name":"(anonymous_7)","decl":{"start":{"line":40,"column":2},"end":{"line":40,"column":9}},"loc":{"start":{"line":40,"column":37},"end":{"line":43,"column":3}}},"8":{"name":"(anonymous_8)","decl":{"start":{"line":45,"column":2},"end":{"line":45,"column":12}},"loc":{"start":{"line":45,"column":23},"end":{"line":48,"column":3}}},"9":{"name":"(anonymous_9)","decl":{"start":{"line":46,"column":33},"end":{"line":46,"column":37}},"loc":{"start":{"line":46,"column":41},"end":{"line":46,"column":60}}},"10":{"name":"(anonymous_10)","decl":{"start":{"line":50,"column":2},"end":{"line":50,"column":9}},"loc":{"start":{"line":50,"column":63},"end":{"line":52,"column":3}}},"11":{"name":"(anonymous_11)","decl":{"start":{"line":54,"column":2},"end":{"line":54,"column":12}},"loc":{"start":{"line":54,"column":23},"end":{"line":56,"column":3}}}},"branchMap":{"0":{"loc":{"start":{"line":9,"column":28},"end":{"line":9,"column":30}},"type":"default-arg","locations":[{"start":{"line":9,"column":28},"end":{"line":9,"column":30}}]},"1":{"loc":{"start":{"line":10,"column":28},"end":{"line":10,"column":30}},"type":"default-arg","locations":[{"start":{"line":10,"column":28},"end":{"line":10,"column":30}}]},"2":{"loc":{"start":{"line":11,"column":33},"end":{"line":11,"column":47}},"type":"default-arg","locations":[{"start":{"line":11,"column":33},"end":{"line":11,"column":47}}]},"3":{"loc":{"start":{"line":18,"column":35},"end":{"line":18,"column":71}},"type":"cond-expr","locations":[{"start":{"line":18,"column":35},"end":{"line":18,"column":71}},{"start":{"line":18,"column":74},"end":{"line":18,"column":75}}]}},"s":{"0":1,"1":1,"2":1,"3":10,"4":10,"5":10,"6":10,"7":10,"8":14,"9":14,"10":14,"11":14,"12":2,"13":3,"14":6,"15":1,"16":2,"17":2,"18":2,"19":4,"20":8,"21":4,"22":3,"23":1,"24":1},"f":{"0":10,"1":14,"2":2,"3":3,"4":6,"5":1,"6":2,"7":2,"8":4,"9":8,"10":3,"11":1},"b":{"0":[10],"1":[10],"2":[10],"3":[4,10]}}
,"/home/antony/Progetti/Synesthesia/DDD-BDD/ddd-bdd/src/blog/Post.ts": {"path":"/home/antony/Progetti/Synesthesia/DDD-BDD/ddd-bdd/src/blog/Post.ts","statementMap":{"0":{"start":{"line":6,"column":12},"end":{"line":6,"column":25}},"1":{"start":{"line":7,"column":12},"end":{"line":7,"column":24}},"2":{"start":{"line":8,"column":12},"end":{"line":8,"column":24}},"3":{"start":{"line":9,"column":12},"end":{"line":9,"column":22}},"4":{"start":{"line":13,"column":4},"end":{"line":13,"column":null}},"5":{"start":{"line":17,"column":4},"end":{"line":17,"column":null}},"6":{"start":{"line":21,"column":4},"end":{"line":21,"column":null}},"7":{"start":{"line":25,"column":4},"end":{"line":25,"column":null}},"8":{"start":{"line":29,"column":4},"end":{"line":29,"column":null}},"9":{"start":{"line":33,"column":4},"end":{"line":37,"column":null}},"10":{"start":{"line":4,"column":0},"end":{"line":4,"column":13}}},"fnMap":{"0":{"name":"(anonymous_0)","decl":{"start":{"line":5,"column":2},"end":{"line":5,"column":null}},"loc":{"start":{"line":9,"column":22},"end":{"line":10,"column":6}}},"1":{"name":"(anonymous_1)","decl":{"start":{"line":12,"column":2},"end":{"line":12,"column":7}},"loc":{"start":{"line":12,"column":7},"end":{"line":14,"column":3}}},"2":{"name":"(anonymous_2)","decl":{"start":{"line":16,"column":2},"end":{"line":16,"column":10}},"loc":{"start":{"line":16,"column":10},"end":{"line":18,"column":3}}},"3":{"name":"(anonymous_3)","decl":{"start":{"line":20,"column":2},"end":{"line":20,"column":9}},"loc":{"start":{"line":20,"column":9},"end":{"line":22,"column":3}}},"4":{"name":"(anonymous_4)","decl":{"start":{"line":24,"column":2},"end":{"line":24,"column":11}},"loc":{"start":{"line":24,"column":11},"end":{"line":26,"column":3}}},"5":{"name":"(anonymous_5)","decl":{"start":{"line":28,"column":2},"end":{"line":28,"column":9}},"loc":{"start":{"line":28,"column":9},"end":{"line":30,"column":3}}},"6":{"name":"(anonymous_6)","decl":{"start":{"line":32,"column":2},"end":{"line":32,"column":8}},"loc":{"start":{"line":32,"column":8},"end":{"line":38,"column":3}}}},"branchMap":{},"s":{"0":3,"1":3,"2":3,"3":3,"4":2,"5":2,"6":1,"7":2,"8":2,"9":1,"10":1},"f":{"0":3,"1":2,"2":2,"3":1,"4":2,"5":2,"6":1},"b":{}}
,"/home/antony/Progetti/Synesthesia/DDD-BDD/ddd-bdd/src/blog/PostList.ts": {"path":"/home/antony/Progetti/Synesthesia/DDD-BDD/ddd-bdd/src/blog/PostList.ts","statementMap":{"0":{"start":{"line":1,"column":0},"end":{"line":1,"column":29}},"1":{"start":{"line":6,"column":2},"end":{"line":6,"column":null}},"2":{"start":{"line":7,"column":2},"end":{"line":7,"column":null}},"3":{"start":{"line":10,"column":4},"end":{"line":10,"column":null}},"4":{"start":{"line":14,"column":4},"end":{"line":14,"column":null}},"5":{"start":{"line":18,"column":4},"end":{"line":26,"column":null}},"6":{"start":{"line":30,"column":17},"end":{"line":30,"column":42}},"7":{"start":{"line":31,"column":4},"end":{"line":34,"column":null}},"8":{"start":{"line":38,"column":17},"end":{"line":38,"column":52}},"9":{"start":{"line":39,"column":4},"end":{"line":39,"column":null}},"10":{"start":{"line":43,"column":23},"end":{"line":43,"column":67}},"11":{"start":{"line":43,"column":47},"end":{"line":43,"column":66}},"12":{"start":{"line":44,"column":4},"end":{"line":44,"column":null}},"13":{"start":{"line":48,"column":4},"end":{"line":50,"column":null}},"14":{"start":{"line":49,"column":34},"end":{"line":49,"column":75}},"15":{"start":{"line":5,"column":0},"end":{"line":5,"column":13}}},"fnMap":{"0":{"name":"(anonymous_0)","decl":{"start":{"line":5,"column":0},"end":{"line":5,"column":13}},"loc":{"start":{"line":5,"column":0},"end":{"line":52,"column":1}}},"1":{"name":"(anonymous_1)","decl":{"start":{"line":9,"column":2},"end":{"line":9,"column":7}},"loc":{"start":{"line":9,"column":7},"end":{"line":11,"column":3}}},"2":{"name":"(anonymous_2)","decl":{"start":{"line":13,"column":2},"end":{"line":13,"column":10}},"loc":{"start":{"line":13,"column":10},"end":{"line":15,"column":3}}},"3":{"name":"(anonymous_3)","decl":{"start":{"line":17,"column":2},"end":{"line":17,"column":9}},"loc":{"start":{"line":17,"column":21},"end":{"line":27,"column":3}}},"4":{"name":"(anonymous_5)","decl":{"start":{"line":29,"column":2},"end":{"line":29,"column":8}},"loc":{"start":{"line":29,"column":20},"end":{"line":35,"column":3}}},"5":{"name":"(anonymous_6)","decl":{"start":{"line":37,"column":2},"end":{"line":37,"column":9}},"loc":{"start":{"line":37,"column":63},"end":{"line":40,"column":3}}},"6":{"name":"(anonymous_7)","decl":{"start":{"line":42,"column":2},"end":{"line":42,"column":12}},"loc":{"start":{"line":42,"column":23},"end":{"line":45,"column":3}}},"7":{"name":"(anonymous_8)","decl":{"start":{"line":43,"column":39},"end":{"line":43,"column":43}},"loc":{"start":{"line":43,"column":47},"end":{"line":43,"column":66}}},"8":{"name":"(anonymous_9)","decl":{"start":{"line":47,"column":2},"end":{"line":47,"column":10}},"loc":{"start":{"line":47,"column":22},"end":{"line":51,"column":3}}},"9":{"name":"(anonymous_10)","decl":{"start":{"line":49,"column":26},"end":{"line":49,"column":30}},"loc":{"start":{"line":49,"column":34},"end":{"line":49,"column":75}}}},"branchMap":{"0":{"loc":{"start":{"line":33,"column":22},"end":{"line":33,"column":26}},"type":"cond-expr","locations":[{"start":{"line":33,"column":22},"end":{"line":33,"column":26}},{"start":{"line":33,"column":29},"end":{"line":33,"column":55}}]},"1":{"loc":{"start":{"line":49,"column":8},"end":{"line":49,"column":76}},"type":"cond-expr","locations":[{"start":{"line":49,"column":8},"end":{"line":49,"column":76}},{"start":{"line":50,"column":8},"end":{"line":50,"column":18}}]}},"s":{"0":1,"1":10,"2":10,"3":3,"4":2,"5":2,"6":2,"7":2,"8":3,"9":3,"10":1,"11":1,"12":1,"13":4,"14":0,"15":1},"f":{"0":10,"1":3,"2":2,"3":2,"4":2,"5":3,"6":1,"7":1,"8":4,"9":0},"b":{"0":[1,1],"1":[0,4]}}
,"/home/antony/Progetti/Synesthesia/DDD-BDD/ddd-bdd/src/blog/StaticPage.ts": {"path":"/home/antony/Progetti/Synesthesia/DDD-BDD/ddd-bdd/src/blog/StaticPage.ts","statementMap":{"0":{"start":{"line":4,"column":22},"end":{"line":4,"column":35}},"1":{"start":{"line":4,"column":45},"end":{"line":4,"column":57}},"2":{"start":{"line":7,"column":4},"end":{"line":7,"column":null}},"3":{"start":{"line":11,"column":4},"end":{"line":11,"column":null}},"4":{"start":{"line":15,"column":4},"end":{"line":15,"column":null}},"5":{"start":{"line":19,"column":4},"end":{"line":22,"column":null}},"6":{"start":{"line":3,"column":0},"end":{"line":3,"column":13}}},"fnMap":{"0":{"name":"(anonymous_0)","decl":{"start":{"line":4,"column":2},"end":{"line":4,"column":22}},"loc":{"start":{"line":4,"column":57},"end":{"line":4,"column":61}}},"1":{"name":"(anonymous_1)","decl":{"start":{"line":6,"column":2},"end":{"line":6,"column":7}},"loc":{"start":{"line":6,"column":7},"end":{"line":8,"column":3}}},"2":{"name":"(anonymous_2)","decl":{"start":{"line":10,"column":2},"end":{"line":10,"column":10}},"loc":{"start":{"line":10,"column":10},"end":{"line":12,"column":3}}},"3":{"name":"(anonymous_3)","decl":{"start":{"line":14,"column":2},"end":{"line":14,"column":9}},"loc":{"start":{"line":14,"column":9},"end":{"line":16,"column":3}}},"4":{"name":"(anonymous_4)","decl":{"start":{"line":18,"column":2},"end":{"line":18,"column":8}},"loc":{"start":{"line":18,"column":8},"end":{"line":23,"column":3}}}},"branchMap":{},"s":{"0":12,"1":12,"2":5,"3":2,"4":2,"5":2,"6":1},"f":{"0":12,"1":5,"2":2,"3":2,"4":2},"b":{}}
,"/home/antony/Progetti/Synesthesia/DDD-BDD/ddd-bdd/src/blog/User.ts": {"path":"/home/antony/Progetti/Synesthesia/DDD-BDD/ddd-bdd/src/blog/User.ts","statementMap":{"0":{"start":{"line":4,"column":22},"end":{"line":4,"column":35}},"1":{"start":{"line":4,"column":45},"end":{"line":4,"column":61}},"2":{"start":{"line":7,"column":4},"end":{"line":7,"column":null}},"3":{"start":{"line":11,"column":4},"end":{"line":11,"column":null}},"4":{"start":{"line":15,"column":4},"end":{"line":15,"column":null}},"5":{"start":{"line":19,"column":4},"end":{"line":19,"column":null}},"6":{"start":{"line":1,"column":0},"end":{"line":1,"column":13}}},"fnMap":{"0":{"name":"(anonymous_0)","decl":{"start":{"line":4,"column":2},"end":{"line":4,"column":22}},"loc":{"start":{"line":4,"column":61},"end":{"line":4,"column":65}}},"1":{"name":"(anonymous_1)","decl":{"start":{"line":6,"column":2},"end":{"line":6,"column":7}},"loc":{"start":{"line":6,"column":7},"end":{"line":8,"column":3}}},"2":{"name":"(anonymous_2)","decl":{"start":{"line":10,"column":2},"end":{"line":10,"column":7}},"loc":{"start":{"line":10,"column":18},"end":{"line":12,"column":3}}},"3":{"name":"(anonymous_3)","decl":{"start":{"line":14,"column":2},"end":{"line":14,"column":13}},"loc":{"start":{"line":14,"column":13},"end":{"line":16,"column":3}}},"4":{"name":"(anonymous_4)","decl":{"start":{"line":18,"column":2},"end":{"line":18,"column":10}},"loc":{"start":{"line":18,"column":10},"end":{"line":20,"column":3}}}},"branchMap":{},"s":{"0":14,"1":14,"2":0,"3":14,"4":6,"5":2,"6":1},"f":{"0":14,"1":0,"2":14,"3":6,"4":2},"b":{}}
}
