TN:
SF:/home/antony/Progetti/Synesthesia/DDD-BDD/ddd-bdd/src/blog/Blog.ts
FN:13,(anonymous_0)
FN:17,(anonymous_1)
FN:21,(anonymous_2)
FN:25,(anonymous_3)
FN:29,(anonymous_4)
FN:33,(anonymous_5)
FN:37,(anonymous_6)
FN:42,(anonymous_7)
FN:46,(anonymous_8)
FN:50,(anonymous_9)
FNF:10
FNH:10
FNDA:11,(anonymous_0)
FNDA:17,(anonymous_1)
FNDA:2,(anonymous_2)
FNDA:5,(anonymous_3)
FNDA:1,(anonymous_4)
FNDA:2,(anonymous_5)
FNDA:5,(anonymous_6)
FNDA:2,(anonymous_7)
FNDA:5,(anonymous_8)
FNDA:1,(anonymous_9)
DA:1,1
DA:3,1
DA:5,1
DA:8,1
DA:9,11
DA:10,11
DA:11,11
DA:14,11
DA:18,17
DA:22,2
DA:26,5
DA:30,1
DA:34,2
DA:38,5
DA:39,5
DA:43,2
DA:47,5
DA:51,1
LF:18
LH:18
BRF:0
BRH:0
end_of_record
TN:
SF:/home/antony/Progetti/Synesthesia/DDD-BDD/ddd-bdd/src/blog/FeaturedPostsPage.ts
FN:12,(anonymous_0)
FN:16,(anonymous_1)
FN:20,(anonymous_2)
FN:24,(anonymous_3)
FN:36,(anonymous_5)
FN:44,(anonymous_6)
FN:48,(anonymous_7)
FN:52,(anonymous_8)
FNF:8
FNH:8
FNDA:11,(anonymous_0)
FNDA:4,(anonymous_1)
FNDA:3,(anonymous_2)
FNDA:3,(anonymous_3)
FNDA:3,(anonymous_5)
FNDA:5,(anonymous_6)
FNDA:5,(anonymous_7)
FNDA:1,(anonymous_8)
DA:1,1
DA:5,1
DA:7,1
DA:9,11
DA:10,11
DA:13,11
DA:17,4
DA:21,3
DA:25,3
DA:37,3
DA:38,3
DA:45,5
DA:49,5
DA:53,1
DA:54,1
LF:15
LH:15
BRDA:40,0,0,2
BRDA:40,0,1,1
BRF:2
BRH:2
end_of_record
TN:
SF:/home/antony/Progetti/Synesthesia/DDD-BDD/ddd-bdd/src/blog/Pages.ts
FN:8,(anonymous_0)
FN:12,(anonymous_1)
FN:16,(anonymous_2)
FN:17,(anonymous_3)
FN:20,(anonymous_4)
FN:25,(anonymous_5)
FNF:6
FNH:6
FNDA:11,(anonymous_0)
FNDA:1,(anonymous_1)
FNDA:5,(anonymous_2)
FNDA:10,(anonymous_3)
FNDA:2,(anonymous_4)
FNDA:13,(anonymous_5)
DA:2,1
DA:5,1
DA:6,11
DA:9,11
DA:13,1
DA:17,10
DA:21,2
DA:22,2
DA:26,13
LF:9
LH:9
BRF:0
BRH:0
end_of_record
TN:
SF:/home/antony/Progetti/Synesthesia/DDD-BDD/ddd-bdd/src/blog/Post.ts
FN:8,(anonymous_0)
FN:17,(anonymous_1)
FN:21,(anonymous_2)
FN:25,(anonymous_3)
FN:29,(anonymous_4)
FN:33,(anonymous_5)
FN:37,(anonymous_6)
FNF:7
FNH:7
FNDA:5,(anonymous_0)
FNDA:3,(anonymous_1)
FNDA:3,(anonymous_2)
FNDA:1,(anonymous_3)
FNDA:5,(anonymous_4)
FNDA:3,(anonymous_5)
FNDA:1,(anonymous_6)
DA:3,1
DA:5,1
DA:9,5
DA:10,5
DA:11,5
DA:12,5
DA:14,5
DA:18,3
DA:22,3
DA:26,1
DA:30,5
DA:34,3
DA:38,1
LF:13
LH:13
BRF:0
BRH:0
end_of_record
TN:
SF:/home/antony/Progetti/Synesthesia/DDD-BDD/ddd-bdd/src/blog/Posts.ts
FN:4,(anonymous_0)
FN:7,(anonymous_1)
FN:9,(anonymous_2)
FN:13,(anonymous_3)
FN:14,(anonymous_4)
FN:17,(anonymous_5)
FNF:6
FNH:6
FNDA:11,(anonymous_0)
FNDA:5,(anonymous_1)
FNDA:2,(anonymous_2)
FNDA:1,(anonymous_3)
FNDA:1,(anonymous_4)
FNDA:5,(anonymous_5)
DA:1,1
DA:4,1
DA:5,11
DA:8,5
DA:9,2
DA:14,1
DA:18,5
DA:19,5
LF:8
LH:8
BRDA:9,0,0,1
BRDA:9,0,1,4
BRF:2
BRH:2
end_of_record
TN:
SF:/home/antony/Progetti/Synesthesia/DDD-BDD/ddd-bdd/src/blog/StaticPage.ts
FN:8,(anonymous_0)
FN:12,(anonymous_1)
FN:16,(anonymous_2)
FN:20,(anonymous_3)
FN:24,(anonymous_4)
FNF:5
FNH:5
FNDA:13,(anonymous_0)
FNDA:6,(anonymous_1)
FNDA:2,(anonymous_2)
FNDA:2,(anonymous_3)
FNDA:2,(anonymous_4)
DA:3,1
DA:5,1
DA:8,13
DA:9,13
DA:13,6
DA:17,2
DA:21,2
DA:25,2
LF:8
LH:8
BRF:0
BRH:0
end_of_record
TN:
SF:/home/antony/Progetti/Synesthesia/DDD-BDD/ddd-bdd/src/blog/Users.ts
FN:3,(anonymous_0)
FN:6,(anonymous_1)
FN:13,(anonymous_2)
FN:17,(anonymous_3)
FN:18,(anonymous_4)
FNF:5
FNH:5
FNDA:11,(anonymous_0)
FNDA:17,(anonymous_1)
FNDA:2,(anonymous_2)
FNDA:5,(anonymous_3)
FNDA:11,(anonymous_4)
DA:1,1
DA:3,1
DA:4,11
DA:7,17
DA:8,17
DA:9,17
DA:10,17
DA:14,2
DA:18,11
LF:9
LH:9
BRDA:7,0,0,6
BRDA:7,0,1,11
BRF:2
BRH:2
end_of_record
TN:
SF:/home/antony/Progetti/Synesthesia/DDD-BDD/ddd-bdd/src/blog/utils.ts
FN:5,toId
FNF:1
FNH:1
FNDA:29,toId
DA:1,1
DA:3,1
DA:6,29
LF:3
LH:3
BRF:0
BRH:0
end_of_record
