TN:
SF:/home/antony/Progetti/Synesthesia/DDD-BDD/ddd-bdd/src/blog/Blog.ts
FN:15,(anonymous_0)
FN:20,(anonymous_1)
FN:24,(anonymous_2)
FN:28,(anonymous_3)
FN:32,(anonymous_4)
FN:36,(anonymous_5)
FN:41,(anonymous_6)
FN:45,(anonymous_7)
FN:50,(anonymous_8)
FNF:9
FNH:9
FNDA:11,(anonymous_0)
FNDA:16,(anonymous_1)
FNDA:2,(anonymous_2)
FNDA:1,(anonymous_3)
FNDA:2,(anonymous_4)
FNDA:5,(anonymous_5)
FNDA:2,(anonymous_6)
FNDA:5,(anonymous_7)
FNDA:1,(anonymous_8)
DA:1,1
DA:3,1
DA:5,1
DA:6,1
DA:9,1
DA:10,11
DA:11,11
DA:12,11
DA:13,11
DA:16,11
DA:17,11
DA:21,16
DA:25,2
DA:29,1
DA:33,2
DA:37,5
DA:38,5
DA:42,2
DA:46,5
DA:47,5
DA:51,1
LF:21
LH:21
BRF:0
BRH:0
end_of_record
TN:
SF:/home/antony/Progetti/Synesthesia/DDD-BDD/ddd-bdd/src/blog/FeaturedPostsPage.ts
FN:11,(anonymous_0)
FN:15,(anonymous_1)
FN:19,(anonymous_2)
FN:23,(anonymous_3)
FN:35,(anonymous_5)
FN:39,(anonymous_6)
FN:47,(anonymous_7)
FNF:7
FNH:7
FNDA:11,(anonymous_0)
FNDA:4,(anonymous_1)
FNDA:3,(anonymous_2)
FNDA:3,(anonymous_3)
FNDA:11,(anonymous_5)
FNDA:3,(anonymous_6)
FNDA:5,(anonymous_7)
DA:4,1
DA:6,1
DA:8,11
DA:12,11
DA:16,4
DA:20,3
DA:24,3
DA:36,11
DA:40,3
DA:41,3
DA:48,5
LF:11
LH:11
BRDA:43,0,0,2
BRDA:43,0,1,1
BRF:2
BRH:2
end_of_record
TN:
SF:/home/antony/Progetti/Synesthesia/DDD-BDD/ddd-bdd/src/blog/Pages.ts
FN:8,(anonymous_0)
FN:12,(anonymous_1)
FN:16,(anonymous_2)
FN:17,(anonymous_3)
FN:20,(anonymous_4)
FN:25,(anonymous_5)
FN:29,(anonymous_6)
FNF:7
FNH:7
FNDA:11,(anonymous_0)
FNDA:1,(anonymous_1)
FNDA:5,(anonymous_2)
FNDA:10,(anonymous_3)
FNDA:2,(anonymous_4)
FNDA:13,(anonymous_5)
FNDA:5,(anonymous_6)
DA:2,1
DA:5,1
DA:6,11
DA:9,11
DA:13,1
DA:17,10
DA:21,2
DA:22,2
DA:26,13
DA:30,5
DA:31,5
LF:11
LH:11
BRF:0
BRH:0
end_of_record
TN:
SF:/home/antony/Progetti/Synesthesia/DDD-BDD/ddd-bdd/src/blog/Posts.ts
FN:4,(anonymous_0)
FN:7,(anonymous_1)
FN:9,(anonymous_2)
FN:13,(anonymous_3)
FN:14,(anonymous_4)
FN:17,(anonymous_5)
FN:22,(anonymous_6)
FNF:7
FNH:7
FNDA:11,(anonymous_0)
FNDA:5,(anonymous_1)
FNDA:2,(anonymous_2)
FNDA:1,(anonymous_3)
FNDA:1,(anonymous_4)
FNDA:5,(anonymous_5)
FNDA:1,(anonymous_6)
DA:1,1
DA:4,1
DA:5,11
DA:8,5
DA:9,2
DA:14,1
DA:18,5
DA:19,5
DA:23,1
DA:24,1
LF:10
LH:10
BRDA:9,0,0,1
BRDA:9,0,1,4
BRF:2
BRH:2
end_of_record
TN:
SF:/home/antony/Progetti/Synesthesia/DDD-BDD/ddd-bdd/src/blog/Users.ts
FN:3,(anonymous_0)
FN:6,(anonymous_1)
FN:10,(anonymous_2)
FN:11,(anonymous_3)
FN:14,(anonymous_4)
FNF:5
FNH:5
FNDA:11,(anonymous_0)
FNDA:2,(anonymous_1)
FNDA:10,(anonymous_2)
FNDA:16,(anonymous_3)
FNDA:16,(anonymous_4)
DA:1,1
DA:3,1
DA:4,11
DA:7,2
DA:11,16
DA:15,16
DA:16,16
DA:17,16
DA:18,16
LF:9
LH:9
BRDA:15,0,0,5
BRDA:15,0,1,11
BRF:2
BRH:2
end_of_record
